ERROR 22-04-26 12:00:42[WorkerThread-103] [BillWorkerThread:147] - Report Templete File is not exist
ERROR 22-04-26 12:00:42[WorkerThread-102] [BillWorkerThread:147] - Report Templete File is not exist
ERROR 22-04-26 12:00:42[WorkerThread-104] [BillWorkerThread:147] - Report Templete File is not exist
ERROR 22-04-26 12:00:42[WorkerThread-102] [BillWorkerThread:148] - Req templateFilePath : nullnull
ERROR 22-04-26 12:00:42[WorkerThread-101] [BillWorkerThread:147] - Report Templete File is not exist
ERROR 22-04-26 12:00:42[WorkerThread-103] [BillWorkerThread:148] - Req templateFilePath : nullnull
ERROR 22-04-26 12:00:42[WorkerThread-104] [BillWorkerThread:148] - Req templateFilePath : nullnull
ERROR 22-04-26 12:00:42[WorkerThread-101] [BillWorkerThread:148] - Req templateFilePath : nullnull
ERROR 22-04-26 12:00:42[WorkerThread-101] [BillWorkerThread:76] - Exception 
java.lang.Exception: Report Templete File is not exist
	at com.vup.tess.bill.service.work.BillWorkerThread$RealWorker.readExcelTempleteFile(BillWorkerThread.java:149)
	at com.vup.tess.bill.service.work.BillWorkerThread$RealWorker.doScheduleService(BillWorkerThread.java:94)
	at com.vup.tess.bill.service.work.BillWorkerThread$RealWorker.run(BillWorkerThread.java:73)
ERROR 22-04-26 12:00:42[WorkerThread-104] [BillWorkerThread:76] - Exception 
java.lang.Exception: Report Templete File is not exist
	at com.vup.tess.bill.service.work.BillWorkerThread$RealWorker.readExcelTempleteFile(BillWorkerThread.java:149)
	at com.vup.tess.bill.service.work.BillWorkerThread$RealWorker.doScheduleService(BillWorkerThread.java:94)
	at com.vup.tess.bill.service.work.BillWorkerThread$RealWorker.run(BillWorkerThread.java:73)
ERROR 22-04-26 12:00:42[WorkerThread-103] [BillWorkerThread:76] - Exception 
java.lang.Exception: Report Templete File is not exist
	at com.vup.tess.bill.service.work.BillWorkerThread$RealWorker.readExcelTempleteFile(BillWorkerThread.java:149)
	at com.vup.tess.bill.service.work.BillWorkerThread$RealWorker.doScheduleService(BillWorkerThread.java:94)
	at com.vup.tess.bill.service.work.BillWorkerThread$RealWorker.run(BillWorkerThread.java:73)
ERROR 22-04-26 12:00:42[WorkerThread-102] [BillWorkerThread:76] - Exception 
java.lang.Exception: Report Templete File is not exist
	at com.vup.tess.bill.service.work.BillWorkerThread$RealWorker.readExcelTempleteFile(BillWorkerThread.java:149)
	at com.vup.tess.bill.service.work.BillWorkerThread$RealWorker.doScheduleService(BillWorkerThread.java:94)
	at com.vup.tess.bill.service.work.BillWorkerThread$RealWorker.run(BillWorkerThread.java:73)
ERROR 22-04-26 12:01:59[WorkerThread-103] [BillWorkerThread:147] - Report Templete File is not exist
ERROR 22-04-26 12:01:59[WorkerThread-104] [BillWorkerThread:147] - Report Templete File is not exist
ERROR 22-04-26 12:01:59[WorkerThread-101] [BillWorkerThread:147] - Report Templete File is not exist
ERROR 22-04-26 12:01:59[WorkerThread-102] [BillWorkerThread:147] - Report Templete File is not exist
ERROR 22-04-26 12:01:59[WorkerThread-103] [BillWorkerThread:148] - Req templateFilePath : nullnull
ERROR 22-04-26 12:01:59[WorkerThread-101] [BillWorkerThread:148] - Req templateFilePath : nullnull
ERROR 22-04-26 12:01:59[WorkerThread-104] [BillWorkerThread:148] - Req templateFilePath : nullnull
ERROR 22-04-26 12:01:59[WorkerThread-102] [BillWorkerThread:148] - Req templateFilePath : nullnull
ERROR 22-04-26 12:01:59[WorkerThread-102] [BillWorkerThread:76] - Exception 
java.lang.Exception: Report Templete File is not exist
	at com.vup.tess.bill.service.work.BillWorkerThread$RealWorker.readExcelTempleteFile(BillWorkerThread.java:149)
	at com.vup.tess.bill.service.work.BillWorkerThread$RealWorker.doScheduleService(BillWorkerThread.java:94)
	at com.vup.tess.bill.service.work.BillWorkerThread$RealWorker.run(BillWorkerThread.java:73)
ERROR 22-04-26 12:01:59[WorkerThread-101] [BillWorkerThread:76] - Exception 
java.lang.Exception: Report Templete File is not exist
	at com.vup.tess.bill.service.work.BillWorkerThread$RealWorker.readExcelTempleteFile(BillWorkerThread.java:149)
	at com.vup.tess.bill.service.work.BillWorkerThread$RealWorker.doScheduleService(BillWorkerThread.java:94)
	at com.vup.tess.bill.service.work.BillWorkerThread$RealWorker.run(BillWorkerThread.java:73)
ERROR 22-04-26 12:01:59[WorkerThread-103] [BillWorkerThread:76] - Exception 
java.lang.Exception: Report Templete File is not exist
	at com.vup.tess.bill.service.work.BillWorkerThread$RealWorker.readExcelTempleteFile(BillWorkerThread.java:149)
	at com.vup.tess.bill.service.work.BillWorkerThread$RealWorker.doScheduleService(BillWorkerThread.java:94)
	at com.vup.tess.bill.service.work.BillWorkerThread$RealWorker.run(BillWorkerThread.java:73)
ERROR 22-04-26 12:01:59[WorkerThread-104] [BillWorkerThread:76] - Exception 
java.lang.Exception: Report Templete File is not exist
	at com.vup.tess.bill.service.work.BillWorkerThread$RealWorker.readExcelTempleteFile(BillWorkerThread.java:149)
	at com.vup.tess.bill.service.work.BillWorkerThread$RealWorker.doScheduleService(BillWorkerThread.java:94)
	at com.vup.tess.bill.service.work.BillWorkerThread$RealWorker.run(BillWorkerThread.java:73)
ERROR 22-04-26 12:02:37[WorkerThread-101] [BillWorkerThread:76] - Exception 
java.lang.NullPointerException: null
	at com.vup.tess.bill.service.work.BillWorkerThread$RealWorker.run(BillWorkerThread.java:63)
ERROR 22-04-26 12:02:38[WorkerThread-104] [BillWorkerThread:147] - Report Templete File is not exist
ERROR 22-04-26 12:02:38[WorkerThread-103] [BillWorkerThread:147] - Report Templete File is not exist
ERROR 22-04-26 12:02:38[WorkerThread-101] [BillWorkerThread:147] - Report Templete File is not exist
ERROR 22-04-26 12:02:38[WorkerThread-102] [BillWorkerThread:147] - Report Templete File is not exist
ERROR 22-04-26 12:02:38[WorkerThread-103] [BillWorkerThread:148] - Req templateFilePath : nullnull
ERROR 22-04-26 12:02:38[WorkerThread-104] [BillWorkerThread:148] - Req templateFilePath : nullnull
ERROR 22-04-26 12:02:38[WorkerThread-101] [BillWorkerThread:148] - Req templateFilePath : nullnull
ERROR 22-04-26 12:02:38[WorkerThread-102] [BillWorkerThread:148] - Req templateFilePath : nullnull
ERROR 22-04-26 12:02:38[WorkerThread-104] [BillWorkerThread:76] - Exception 
java.lang.Exception: Report Templete File is not exist
	at com.vup.tess.bill.service.work.BillWorkerThread$RealWorker.readExcelTempleteFile(BillWorkerThread.java:149)
	at com.vup.tess.bill.service.work.BillWorkerThread$RealWorker.doScheduleService(BillWorkerThread.java:94)
	at com.vup.tess.bill.service.work.BillWorkerThread$RealWorker.run(BillWorkerThread.java:73)
ERROR 22-04-26 12:02:38[WorkerThread-103] [BillWorkerThread:76] - Exception 
java.lang.Exception: Report Templete File is not exist
	at com.vup.tess.bill.service.work.BillWorkerThread$RealWorker.readExcelTempleteFile(BillWorkerThread.java:149)
	at com.vup.tess.bill.service.work.BillWorkerThread$RealWorker.doScheduleService(BillWorkerThread.java:94)
	at com.vup.tess.bill.service.work.BillWorkerThread$RealWorker.run(BillWorkerThread.java:73)
ERROR 22-04-26 12:02:38[WorkerThread-101] [BillWorkerThread:76] - Exception 
java.lang.Exception: Report Templete File is not exist
	at com.vup.tess.bill.service.work.BillWorkerThread$RealWorker.readExcelTempleteFile(BillWorkerThread.java:149)
	at com.vup.tess.bill.service.work.BillWorkerThread$RealWorker.doScheduleService(BillWorkerThread.java:94)
	at com.vup.tess.bill.service.work.BillWorkerThread$RealWorker.run(BillWorkerThread.java:73)
ERROR 22-04-26 12:02:38[WorkerThread-102] [BillWorkerThread:76] - Exception 
java.lang.Exception: Report Templete File is not exist
	at com.vup.tess.bill.service.work.BillWorkerThread$RealWorker.readExcelTempleteFile(BillWorkerThread.java:149)
	at com.vup.tess.bill.service.work.BillWorkerThread$RealWorker.doScheduleService(BillWorkerThread.java:94)
	at com.vup.tess.bill.service.work.BillWorkerThread$RealWorker.run(BillWorkerThread.java:73)
ERROR 22-04-26 12:03:25[WorkerThread-104] [BillWorkerThread:147] - Report Templete File is not exist
ERROR 22-04-26 12:03:25[WorkerThread-104] [BillWorkerThread:148] - Req templateFilePath : nullnull
ERROR 22-04-26 12:03:25[WorkerThread-104] [BillWorkerThread:76] - Exception 
java.lang.Exception: Report Templete File is not exist
	at com.vup.tess.bill.service.work.BillWorkerThread$RealWorker.readExcelTempleteFile(BillWorkerThread.java:149)
	at com.vup.tess.bill.service.work.BillWorkerThread$RealWorker.doScheduleService(BillWorkerThread.java:94)
	at com.vup.tess.bill.service.work.BillWorkerThread$RealWorker.run(BillWorkerThread.java:73)
ERROR 22-04-26 12:03:25[WorkerThread-103] [BillWorkerThread:147] - Report Templete File is not exist
ERROR 22-04-26 12:03:25[WorkerThread-103] [BillWorkerThread:148] - Req templateFilePath : nullnull
ERROR 22-04-26 12:03:25[WorkerThread-102] [BillWorkerThread:147] - Report Templete File is not exist
ERROR 22-04-26 12:03:25[WorkerThread-103] [BillWorkerThread:76] - Exception 
java.lang.Exception: Report Templete File is not exist
	at com.vup.tess.bill.service.work.BillWorkerThread$RealWorker.readExcelTempleteFile(BillWorkerThread.java:149)
	at com.vup.tess.bill.service.work.BillWorkerThread$RealWorker.doScheduleService(BillWorkerThread.java:94)
	at com.vup.tess.bill.service.work.BillWorkerThread$RealWorker.run(BillWorkerThread.java:73)
ERROR 22-04-26 12:03:25[WorkerThread-102] [BillWorkerThread:148] - Req templateFilePath : nullnull
ERROR 22-04-26 12:03:25[WorkerThread-102] [BillWorkerThread:76] - Exception 
java.lang.Exception: Report Templete File is not exist
	at com.vup.tess.bill.service.work.BillWorkerThread$RealWorker.readExcelTempleteFile(BillWorkerThread.java:149)
	at com.vup.tess.bill.service.work.BillWorkerThread$RealWorker.doScheduleService(BillWorkerThread.java:94)
	at com.vup.tess.bill.service.work.BillWorkerThread$RealWorker.run(BillWorkerThread.java:73)
ERROR 22-04-26 12:03:25[WorkerThread-101] [BillWorkerThread:147] - Report Templete File is not exist
ERROR 22-04-26 12:03:25[WorkerThread-101] [BillWorkerThread:148] - Req templateFilePath : nullnull
ERROR 22-04-26 12:03:25[WorkerThread-101] [BillWorkerThread:76] - Exception 
java.lang.Exception: Report Templete File is not exist
	at com.vup.tess.bill.service.work.BillWorkerThread$RealWorker.readExcelTempleteFile(BillWorkerThread.java:149)
	at com.vup.tess.bill.service.work.BillWorkerThread$RealWorker.doScheduleService(BillWorkerThread.java:94)
	at com.vup.tess.bill.service.work.BillWorkerThread$RealWorker.run(BillWorkerThread.java:73)
ERROR 22-04-26 12:03:26[WorkerThread-104] [BillWorkerThread:147] - Report Templete File is not exist
ERROR 22-04-26 12:03:26[WorkerThread-104] [BillWorkerThread:148] - Req templateFilePath : nullnull
ERROR 22-04-26 12:03:26[WorkerThread-104] [BillWorkerThread:76] - Exception 
java.lang.Exception: Report Templete File is not exist
	at com.vup.tess.bill.service.work.BillWorkerThread$RealWorker.readExcelTempleteFile(BillWorkerThread.java:149)
	at com.vup.tess.bill.service.work.BillWorkerThread$RealWorker.doScheduleService(BillWorkerThread.java:94)
	at com.vup.tess.bill.service.work.BillWorkerThread$RealWorker.run(BillWorkerThread.java:73)
ERROR 22-04-26 12:03:26[WorkerThread-103] [BillWorkerThread:147] - Report Templete File is not exist
ERROR 22-04-26 12:03:26[WorkerThread-103] [BillWorkerThread:148] - Req templateFilePath : nullnull
ERROR 22-04-26 12:03:26[WorkerThread-103] [BillWorkerThread:76] - Exception 
java.lang.Exception: Report Templete File is not exist
	at com.vup.tess.bill.service.work.BillWorkerThread$RealWorker.readExcelTempleteFile(BillWorkerThread.java:149)
	at com.vup.tess.bill.service.work.BillWorkerThread$RealWorker.doScheduleService(BillWorkerThread.java:94)
	at com.vup.tess.bill.service.work.BillWorkerThread$RealWorker.run(BillWorkerThread.java:73)
ERROR 22-04-26 12:03:26[WorkerThread-101] [BillWorkerThread:147] - Report Templete File is not exist
ERROR 22-04-26 12:03:26[WorkerThread-101] [BillWorkerThread:148] - Req templateFilePath : nullnull
ERROR 22-04-26 12:03:26[WorkerThread-101] [BillWorkerThread:76] - Exception 
java.lang.Exception: Report Templete File is not exist
	at com.vup.tess.bill.service.work.BillWorkerThread$RealWorker.readExcelTempleteFile(BillWorkerThread.java:149)
	at com.vup.tess.bill.service.work.BillWorkerThread$RealWorker.doScheduleService(BillWorkerThread.java:94)
	at com.vup.tess.bill.service.work.BillWorkerThread$RealWorker.run(BillWorkerThread.java:73)
ERROR 22-04-26 12:03:26[WorkerThread-102] [BillWorkerThread:147] - Report Templete File is not exist
ERROR 22-04-26 12:03:26[WorkerThread-102] [BillWorkerThread:148] - Req templateFilePath : nullnull
ERROR 22-04-26 12:03:26[WorkerThread-102] [BillWorkerThread:76] - Exception 
java.lang.Exception: Report Templete File is not exist
	at com.vup.tess.bill.service.work.BillWorkerThread$RealWorker.readExcelTempleteFile(BillWorkerThread.java:149)
	at com.vup.tess.bill.service.work.BillWorkerThread$RealWorker.doScheduleService(BillWorkerThread.java:94)
	at com.vup.tess.bill.service.work.BillWorkerThread$RealWorker.run(BillWorkerThread.java:73)
ERROR 22-04-26 12:04:18[restartedMain] [SpringApplication:856] - Application run failed
org.springframework.beans.factory.UnsatisfiedDependencyException: Error creating bean with name 'billScheduler': Unsatisfied dependency expressed through field 'billProc'; nested exception is org.springframework.beans.factory.BeanCreationException: Error creating bean with name 'billProc': Injection of autowired dependencies failed; nested exception is java.lang.IllegalArgumentException: Could not resolve placeholder 'scheduler.workers.fileName' in value "${scheduler.workers.fileName}"
	at org.springframework.beans.factory.annotation.AutowiredAnnotationBeanPostProcessor$AutowiredFieldElement.inject(AutowiredAnnotationBeanPostProcessor.java:643)
	at org.springframework.beans.factory.annotation.InjectionMetadata.inject(InjectionMetadata.java:119)
	at org.springframework.beans.factory.annotation.AutowiredAnnotationBeanPostProcessor.postProcessProperties(AutowiredAnnotationBeanPostProcessor.java:399)
	at org.springframework.beans.factory.support.AbstractAutowireCapableBeanFactory.populateBean(AbstractAutowireCapableBeanFactory.java:1415)
	at org.springframework.beans.factory.support.AbstractAutowireCapableBeanFactory.doCreateBean(AbstractAutowireCapableBeanFactory.java:608)
	at org.springframework.beans.factory.support.AbstractAutowireCapableBeanFactory.createBean(AbstractAutowireCapableBeanFactory.java:531)
	at org.springframework.beans.factory.support.AbstractBeanFactory.lambda$doGetBean$0(AbstractBeanFactory.java:335)
	at org.springframework.beans.factory.support.DefaultSingletonBeanRegistry.getSingleton(DefaultSingletonBeanRegistry.java:234)
	at org.springframework.beans.factory.support.AbstractBeanFactory.doGetBean(AbstractBeanFactory.java:333)
	at org.springframework.beans.factory.support.AbstractBeanFactory.getBean(AbstractBeanFactory.java:208)
	at org.springframework.beans.factory.support.DefaultListableBeanFactory.preInstantiateSingletons(DefaultListableBeanFactory.java:944)
	at org.springframework.context.support.AbstractApplicationContext.finishBeanFactoryInitialization(AbstractApplicationContext.java:923)
	at org.springframework.context.support.AbstractApplicationContext.refresh(AbstractApplicationContext.java:588)
	at org.springframework.boot.SpringApplication.refresh(SpringApplication.java:767)
	at org.springframework.boot.SpringApplication.refresh(SpringApplication.java:759)
	at org.springframework.boot.SpringApplication.refreshContext(SpringApplication.java:426)
	at org.springframework.boot.SpringApplication.run(SpringApplication.java:326)
	at org.springframework.boot.SpringApplication.run(SpringApplication.java:1309)
	at org.springframework.boot.SpringApplication.run(SpringApplication.java:1298)
	at com.vup.tess.TessBillApplication.main(TessBillApplication.java:12)
	at sun.reflect.NativeMethodAccessorImpl.invoke0(Native Method)
	at sun.reflect.NativeMethodAccessorImpl.invoke(NativeMethodAccessorImpl.java:62)
	at sun.reflect.DelegatingMethodAccessorImpl.invoke(DelegatingMethodAccessorImpl.java:43)
	at java.lang.reflect.Method.invoke(Method.java:498)
	at org.springframework.boot.devtools.restart.RestartLauncher.run(RestartLauncher.java:49)
Caused by: org.springframework.beans.factory.BeanCreationException: Error creating bean with name 'billProc': Injection of autowired dependencies failed; nested exception is java.lang.IllegalArgumentException: Could not resolve placeholder 'scheduler.workers.fileName' in value "${scheduler.workers.fileName}"
	at org.springframework.beans.factory.annotation.AutowiredAnnotationBeanPostProcessor.postProcessProperties(AutowiredAnnotationBeanPostProcessor.java:405)
	at org.springframework.beans.factory.support.AbstractAutowireCapableBeanFactory.populateBean(AbstractAutowireCapableBeanFactory.java:1415)
	at org.springframework.beans.factory.support.AbstractAutowireCapableBeanFactory.doCreateBean(AbstractAutowireCapableBeanFactory.java:608)
	at org.springframework.beans.factory.support.AbstractAutowireCapableBeanFactory.createBean(AbstractAutowireCapableBeanFactory.java:531)
	at org.springframework.beans.factory.support.AbstractBeanFactory.lambda$doGetBean$0(AbstractBeanFactory.java:335)
	at org.springframework.beans.factory.support.DefaultSingletonBeanRegistry.getSingleton(DefaultSingletonBeanRegistry.java:234)
	at org.springframework.beans.factory.support.AbstractBeanFactory.doGetBean(AbstractBeanFactory.java:333)
	at org.springframework.beans.factory.support.AbstractBeanFactory.getBean(AbstractBeanFactory.java:208)
	at org.springframework.beans.factory.config.DependencyDescriptor.resolveCandidate(DependencyDescriptor.java:276)
	at org.springframework.beans.factory.support.DefaultListableBeanFactory.doResolveDependency(DefaultListableBeanFactory.java:1367)
	at org.springframework.beans.factory.support.DefaultListableBeanFactory.resolveDependency(DefaultListableBeanFactory.java:1287)
	at org.springframework.beans.factory.annotation.AutowiredAnnotationBeanPostProcessor$AutowiredFieldElement.inject(AutowiredAnnotationBeanPostProcessor.java:640)
	... 24 common frames omitted
Caused by: java.lang.IllegalArgumentException: Could not resolve placeholder 'scheduler.workers.fileName' in value "${scheduler.workers.fileName}"
	at org.springframework.util.PropertyPlaceholderHelper.parseStringValue(PropertyPlaceholderHelper.java:178)
	at org.springframework.util.PropertyPlaceholderHelper.replacePlaceholders(PropertyPlaceholderHelper.java:124)
	at org.springframework.core.env.AbstractPropertyResolver.doResolvePlaceholders(AbstractPropertyResolver.java:239)
	at org.springframework.core.env.AbstractPropertyResolver.resolveRequiredPlaceholders(AbstractPropertyResolver.java:210)
	at org.springframework.context.support.PropertySourcesPlaceholderConfigurer.lambda$processProperties$0(PropertySourcesPlaceholderConfigurer.java:175)
	at org.springframework.beans.factory.support.AbstractBeanFactory.resolveEmbeddedValue(AbstractBeanFactory.java:931)
	at org.springframework.beans.factory.support.DefaultListableBeanFactory.doResolveDependency(DefaultListableBeanFactory.java:1308)
	at org.springframework.beans.factory.support.DefaultListableBeanFactory.resolveDependency(DefaultListableBeanFactory.java:1287)
	at org.springframework.beans.factory.annotation.AutowiredAnnotationBeanPostProcessor$AutowiredFieldElement.inject(AutowiredAnnotationBeanPostProcessor.java:640)
	at org.springframework.beans.factory.annotation.InjectionMetadata.inject(InjectionMetadata.java:119)
	at org.springframework.beans.factory.annotation.AutowiredAnnotationBeanPostProcessor.postProcessProperties(AutowiredAnnotationBeanPostProcessor.java:399)
	... 35 common frames omitted
ERROR 22-04-26 12:06:34[WorkerThread-104] [BillWorkerThread:146] - Report Templete File is not exist
ERROR 22-04-26 12:06:34[WorkerThread-104] [BillWorkerThread:147] - Req templateFilePath : nullnull
ERROR 22-04-26 12:06:34[WorkerThread-103] [BillWorkerThread:146] - Report Templete File is not exist
ERROR 22-04-26 12:06:34[WorkerThread-103] [BillWorkerThread:147] - Req templateFilePath : nullnull
ERROR 22-04-26 12:06:34[WorkerThread-102] [BillWorkerThread:146] - Report Templete File is not exist
ERROR 22-04-26 12:06:34[WorkerThread-102] [BillWorkerThread:147] - Req templateFilePath : nullnull
ERROR 22-04-26 12:06:34[WorkerThread-101] [BillWorkerThread:146] - Report Templete File is not exist
ERROR 22-04-26 12:06:34[WorkerThread-101] [BillWorkerThread:147] - Req templateFilePath : nullnull
ERROR 22-04-26 12:06:34[WorkerThread-103] [BillWorkerThread:75] - Exception 
java.lang.Exception: Report Templete File is not exist
	at com.vup.tess.bill.service.work.BillWorkerThread$RealWorker.readExcelTempleteFile(BillWorkerThread.java:148)
	at com.vup.tess.bill.service.work.BillWorkerThread$RealWorker.doScheduleService(BillWorkerThread.java:93)
	at com.vup.tess.bill.service.work.BillWorkerThread$RealWorker.run(BillWorkerThread.java:72)
ERROR 22-04-26 12:06:34[WorkerThread-101] [BillWorkerThread:75] - Exception 
java.lang.Exception: Report Templete File is not exist
	at com.vup.tess.bill.service.work.BillWorkerThread$RealWorker.readExcelTempleteFile(BillWorkerThread.java:148)
	at com.vup.tess.bill.service.work.BillWorkerThread$RealWorker.doScheduleService(BillWorkerThread.java:93)
	at com.vup.tess.bill.service.work.BillWorkerThread$RealWorker.run(BillWorkerThread.java:72)
ERROR 22-04-26 12:06:34[WorkerThread-104] [BillWorkerThread:75] - Exception 
java.lang.Exception: Report Templete File is not exist
	at com.vup.tess.bill.service.work.BillWorkerThread$RealWorker.readExcelTempleteFile(BillWorkerThread.java:148)
	at com.vup.tess.bill.service.work.BillWorkerThread$RealWorker.doScheduleService(BillWorkerThread.java:93)
	at com.vup.tess.bill.service.work.BillWorkerThread$RealWorker.run(BillWorkerThread.java:72)
ERROR 22-04-26 12:06:34[WorkerThread-102] [BillWorkerThread:75] - Exception 
java.lang.Exception: Report Templete File is not exist
	at com.vup.tess.bill.service.work.BillWorkerThread$RealWorker.readExcelTempleteFile(BillWorkerThread.java:148)
	at com.vup.tess.bill.service.work.BillWorkerThread$RealWorker.doScheduleService(BillWorkerThread.java:93)
	at com.vup.tess.bill.service.work.BillWorkerThread$RealWorker.run(BillWorkerThread.java:72)
ERROR 22-04-26 12:07:52[WorkerThread-101] [BillWorkerThread:146] - Report Templete File is not exist
ERROR 22-04-26 12:07:52[WorkerThread-104] [BillWorkerThread:146] - Report Templete File is not exist
ERROR 22-04-26 12:07:52[WorkerThread-102] [BillWorkerThread:146] - Report Templete File is not exist
ERROR 22-04-26 12:07:52[WorkerThread-103] [BillWorkerThread:146] - Report Templete File is not exist
ERROR 22-04-26 12:07:52[WorkerThread-101] [BillWorkerThread:147] - Req templateFilePath : nullnull
ERROR 22-04-26 12:07:52[WorkerThread-104] [BillWorkerThread:147] - Req templateFilePath : nullnull
ERROR 22-04-26 12:07:52[WorkerThread-102] [BillWorkerThread:147] - Req templateFilePath : nullnull
ERROR 22-04-26 12:07:52[WorkerThread-103] [BillWorkerThread:147] - Req templateFilePath : nullnull
ERROR 22-04-26 12:07:52[WorkerThread-101] [BillWorkerThread:75] - Exception 
java.lang.Exception: Report Templete File is not exist
	at com.vup.tess.bill.service.work.BillWorkerThread$RealWorker.readExcelTempleteFile(BillWorkerThread.java:148)
	at com.vup.tess.bill.service.work.BillWorkerThread$RealWorker.doScheduleService(BillWorkerThread.java:93)
	at com.vup.tess.bill.service.work.BillWorkerThread$RealWorker.run(BillWorkerThread.java:72)
ERROR 22-04-26 12:07:52[WorkerThread-103] [BillWorkerThread:75] - Exception 
java.lang.Exception: Report Templete File is not exist
	at com.vup.tess.bill.service.work.BillWorkerThread$RealWorker.readExcelTempleteFile(BillWorkerThread.java:148)
	at com.vup.tess.bill.service.work.BillWorkerThread$RealWorker.doScheduleService(BillWorkerThread.java:93)
	at com.vup.tess.bill.service.work.BillWorkerThread$RealWorker.run(BillWorkerThread.java:72)
ERROR 22-04-26 12:07:52[WorkerThread-102] [BillWorkerThread:75] - Exception 
java.lang.Exception: Report Templete File is not exist
	at com.vup.tess.bill.service.work.BillWorkerThread$RealWorker.readExcelTempleteFile(BillWorkerThread.java:148)
	at com.vup.tess.bill.service.work.BillWorkerThread$RealWorker.doScheduleService(BillWorkerThread.java:93)
	at com.vup.tess.bill.service.work.BillWorkerThread$RealWorker.run(BillWorkerThread.java:72)
ERROR 22-04-26 12:07:52[WorkerThread-104] [BillWorkerThread:75] - Exception 
java.lang.Exception: Report Templete File is not exist
	at com.vup.tess.bill.service.work.BillWorkerThread$RealWorker.readExcelTempleteFile(BillWorkerThread.java:148)
	at com.vup.tess.bill.service.work.BillWorkerThread$RealWorker.doScheduleService(BillWorkerThread.java:93)
	at com.vup.tess.bill.service.work.BillWorkerThread$RealWorker.run(BillWorkerThread.java:72)
