ERROR 22-04-26 11:50:29[WorkerThread-101] [BillWorkerThread:146] - Report Templete File is not exist
ERROR 22-04-26 11:50:29[WorkerThread-104] [BillWorkerThread:146] - Report Templete File is not exist
ERROR 22-04-26 11:50:29[WorkerThread-103] [BillWorkerThread:146] - Report Templete File is not exist
ERROR 22-04-26 11:50:29[WorkerThread-102] [BillWorkerThread:146] - Report Templete File is not exist
ERROR 22-04-26 11:50:29[WorkerThread-103] [BillWorkerThread:147] - Req templateFilePath : nullnull
ERROR 22-04-26 11:50:29[WorkerThread-101] [BillWorkerThread:147] - Req templateFilePath : nullnull
ERROR 22-04-26 11:50:29[WorkerThread-104] [BillWorkerThread:147] - Req templateFilePath : nullnull
ERROR 22-04-26 11:50:29[WorkerThread-102] [BillWorkerThread:147] - Req templateFilePath : nullnull
ERROR 22-04-26 11:50:29[WorkerThread-102] [BillWorkerThread:76] - Exception 
java.lang.Exception: Report Templete File is not exist
	at com.vup.tess.bill.service.work.BillWorkerThread$RealWorker.readExcelTempleteFile(BillWorkerThread.java:148)
	at com.vup.tess.bill.service.work.BillWorkerThread$RealWorker.doScheduleService(BillWorkerThread.java:93)
	at com.vup.tess.bill.service.work.BillWorkerThread$RealWorker.run(BillWorkerThread.java:73)
ERROR 22-04-26 11:50:29[WorkerThread-103] [BillWorkerThread:76] - Exception 
java.lang.Exception: Report Templete File is not exist
	at com.vup.tess.bill.service.work.BillWorkerThread$RealWorker.readExcelTempleteFile(BillWorkerThread.java:148)
	at com.vup.tess.bill.service.work.BillWorkerThread$RealWorker.doScheduleService(BillWorkerThread.java:93)
	at com.vup.tess.bill.service.work.BillWorkerThread$RealWorker.run(BillWorkerThread.java:73)
ERROR 22-04-26 11:50:29[WorkerThread-104] [BillWorkerThread:76] - Exception 
java.lang.Exception: Report Templete File is not exist
	at com.vup.tess.bill.service.work.BillWorkerThread$RealWorker.readExcelTempleteFile(BillWorkerThread.java:148)
	at com.vup.tess.bill.service.work.BillWorkerThread$RealWorker.doScheduleService(BillWorkerThread.java:93)
	at com.vup.tess.bill.service.work.BillWorkerThread$RealWorker.run(BillWorkerThread.java:73)
ERROR 22-04-26 11:50:29[WorkerThread-101] [BillWorkerThread:76] - Exception 
java.lang.Exception: Report Templete File is not exist
	at com.vup.tess.bill.service.work.BillWorkerThread$RealWorker.readExcelTempleteFile(BillWorkerThread.java:148)
	at com.vup.tess.bill.service.work.BillWorkerThread$RealWorker.doScheduleService(BillWorkerThread.java:93)
	at com.vup.tess.bill.service.work.BillWorkerThread$RealWorker.run(BillWorkerThread.java:73)
ERROR 22-04-26 11:50:30[WorkerThread-103] [BillWorkerThread:146] - Report Templete File is not exist
ERROR 22-04-26 11:50:30[WorkerThread-104] [BillWorkerThread:146] - Report Templete File is not exist
ERROR 22-04-26 11:50:30[WorkerThread-102] [BillWorkerThread:146] - Report Templete File is not exist
ERROR 22-04-26 11:50:30[WorkerThread-101] [BillWorkerThread:146] - Report Templete File is not exist
ERROR 22-04-26 11:50:30[WorkerThread-103] [BillWorkerThread:147] - Req templateFilePath : nullnull
ERROR 22-04-26 11:50:30[WorkerThread-104] [BillWorkerThread:147] - Req templateFilePath : nullnull
ERROR 22-04-26 11:50:30[WorkerThread-101] [BillWorkerThread:147] - Req templateFilePath : nullnull
ERROR 22-04-26 11:50:30[WorkerThread-102] [BillWorkerThread:147] - Req templateFilePath : nullnull
ERROR 22-04-26 11:50:30[WorkerThread-103] [BillWorkerThread:76] - Exception 
java.lang.Exception: Report Templete File is not exist
	at com.vup.tess.bill.service.work.BillWorkerThread$RealWorker.readExcelTempleteFile(BillWorkerThread.java:148)
	at com.vup.tess.bill.service.work.BillWorkerThread$RealWorker.doScheduleService(BillWorkerThread.java:93)
	at com.vup.tess.bill.service.work.BillWorkerThread$RealWorker.run(BillWorkerThread.java:73)
ERROR 22-04-26 11:50:30[WorkerThread-104] [BillWorkerThread:76] - Exception 
java.lang.Exception: Report Templete File is not exist
	at com.vup.tess.bill.service.work.BillWorkerThread$RealWorker.readExcelTempleteFile(BillWorkerThread.java:148)
	at com.vup.tess.bill.service.work.BillWorkerThread$RealWorker.doScheduleService(BillWorkerThread.java:93)
	at com.vup.tess.bill.service.work.BillWorkerThread$RealWorker.run(BillWorkerThread.java:73)
ERROR 22-04-26 11:50:30[WorkerThread-102] [BillWorkerThread:76] - Exception 
java.lang.Exception: Report Templete File is not exist
	at com.vup.tess.bill.service.work.BillWorkerThread$RealWorker.readExcelTempleteFile(BillWorkerThread.java:148)
	at com.vup.tess.bill.service.work.BillWorkerThread$RealWorker.doScheduleService(BillWorkerThread.java:93)
	at com.vup.tess.bill.service.work.BillWorkerThread$RealWorker.run(BillWorkerThread.java:73)
ERROR 22-04-26 11:50:30[WorkerThread-101] [BillWorkerThread:76] - Exception 
java.lang.Exception: Report Templete File is not exist
	at com.vup.tess.bill.service.work.BillWorkerThread$RealWorker.readExcelTempleteFile(BillWorkerThread.java:148)
	at com.vup.tess.bill.service.work.BillWorkerThread$RealWorker.doScheduleService(BillWorkerThread.java:93)
	at com.vup.tess.bill.service.work.BillWorkerThread$RealWorker.run(BillWorkerThread.java:73)
ERROR 22-04-26 11:51:10[WorkerThread-103] [BillWorkerThread:146] - Report Templete File is not exist
ERROR 22-04-26 11:51:10[WorkerThread-104] [BillWorkerThread:146] - Report Templete File is not exist
ERROR 22-04-26 11:51:10[WorkerThread-103] [BillWorkerThread:147] - Req templateFilePath : nullnull
ERROR 22-04-26 11:51:10[WorkerThread-102] [BillWorkerThread:146] - Report Templete File is not exist
ERROR 22-04-26 11:51:10[WorkerThread-104] [BillWorkerThread:147] - Req templateFilePath : nullnull
ERROR 22-04-26 11:51:10[WorkerThread-102] [BillWorkerThread:147] - Req templateFilePath : nullnull
ERROR 22-04-26 11:51:10[WorkerThread-101] [BillWorkerThread:146] - Report Templete File is not exist
ERROR 22-04-26 11:51:10[WorkerThread-101] [BillWorkerThread:147] - Req templateFilePath : nullnull
ERROR 22-04-26 11:51:10[WorkerThread-104] [BillWorkerThread:76] - Exception 
java.lang.Exception: Report Templete File is not exist
	at com.vup.tess.bill.service.work.BillWorkerThread$RealWorker.readExcelTempleteFile(BillWorkerThread.java:148)
	at com.vup.tess.bill.service.work.BillWorkerThread$RealWorker.doScheduleService(BillWorkerThread.java:93)
	at com.vup.tess.bill.service.work.BillWorkerThread$RealWorker.run(BillWorkerThread.java:73)
ERROR 22-04-26 11:51:10[WorkerThread-101] [BillWorkerThread:76] - Exception 
java.lang.Exception: Report Templete File is not exist
	at com.vup.tess.bill.service.work.BillWorkerThread$RealWorker.readExcelTempleteFile(BillWorkerThread.java:148)
	at com.vup.tess.bill.service.work.BillWorkerThread$RealWorker.doScheduleService(BillWorkerThread.java:93)
	at com.vup.tess.bill.service.work.BillWorkerThread$RealWorker.run(BillWorkerThread.java:73)
ERROR 22-04-26 11:51:10[WorkerThread-103] [BillWorkerThread:76] - Exception 
java.lang.Exception: Report Templete File is not exist
	at com.vup.tess.bill.service.work.BillWorkerThread$RealWorker.readExcelTempleteFile(BillWorkerThread.java:148)
	at com.vup.tess.bill.service.work.BillWorkerThread$RealWorker.doScheduleService(BillWorkerThread.java:93)
	at com.vup.tess.bill.service.work.BillWorkerThread$RealWorker.run(BillWorkerThread.java:73)
ERROR 22-04-26 11:51:10[WorkerThread-102] [BillWorkerThread:76] - Exception 
java.lang.Exception: Report Templete File is not exist
	at com.vup.tess.bill.service.work.BillWorkerThread$RealWorker.readExcelTempleteFile(BillWorkerThread.java:148)
	at com.vup.tess.bill.service.work.BillWorkerThread$RealWorker.doScheduleService(BillWorkerThread.java:93)
	at com.vup.tess.bill.service.work.BillWorkerThread$RealWorker.run(BillWorkerThread.java:73)
ERROR 22-04-26 11:51:48[WorkerThread-104] [BillWorkerThread:147] - Report Templete File is not exist
ERROR 22-04-26 11:51:48[WorkerThread-101] [BillWorkerThread:147] - Report Templete File is not exist
ERROR 22-04-26 11:51:48[WorkerThread-102] [BillWorkerThread:147] - Report Templete File is not exist
ERROR 22-04-26 11:51:48[WorkerThread-104] [BillWorkerThread:148] - Req templateFilePath : nullnull
ERROR 22-04-26 11:51:48[WorkerThread-101] [BillWorkerThread:148] - Req templateFilePath : nullnull
ERROR 22-04-26 11:51:48[WorkerThread-102] [BillWorkerThread:148] - Req templateFilePath : nullnull
ERROR 22-04-26 11:51:48[WorkerThread-103] [BillWorkerThread:147] - Report Templete File is not exist
ERROR 22-04-26 11:51:48[WorkerThread-103] [BillWorkerThread:148] - Req templateFilePath : nullnull
ERROR 22-04-26 11:51:48[WorkerThread-102] [BillWorkerThread:76] - Exception 
java.lang.Exception: Report Templete File is not exist
	at com.vup.tess.bill.service.work.BillWorkerThread$RealWorker.readExcelTempleteFile(BillWorkerThread.java:149)
	at com.vup.tess.bill.service.work.BillWorkerThread$RealWorker.doScheduleService(BillWorkerThread.java:94)
	at com.vup.tess.bill.service.work.BillWorkerThread$RealWorker.run(BillWorkerThread.java:73)
ERROR 22-04-26 11:51:48[WorkerThread-104] [BillWorkerThread:76] - Exception 
java.lang.Exception: Report Templete File is not exist
	at com.vup.tess.bill.service.work.BillWorkerThread$RealWorker.readExcelTempleteFile(BillWorkerThread.java:149)
	at com.vup.tess.bill.service.work.BillWorkerThread$RealWorker.doScheduleService(BillWorkerThread.java:94)
	at com.vup.tess.bill.service.work.BillWorkerThread$RealWorker.run(BillWorkerThread.java:73)
ERROR 22-04-26 11:51:48[WorkerThread-103] [BillWorkerThread:76] - Exception 
java.lang.Exception: Report Templete File is not exist
	at com.vup.tess.bill.service.work.BillWorkerThread$RealWorker.readExcelTempleteFile(BillWorkerThread.java:149)
	at com.vup.tess.bill.service.work.BillWorkerThread$RealWorker.doScheduleService(BillWorkerThread.java:94)
	at com.vup.tess.bill.service.work.BillWorkerThread$RealWorker.run(BillWorkerThread.java:73)
ERROR 22-04-26 11:51:48[WorkerThread-101] [BillWorkerThread:76] - Exception 
java.lang.Exception: Report Templete File is not exist
	at com.vup.tess.bill.service.work.BillWorkerThread$RealWorker.readExcelTempleteFile(BillWorkerThread.java:149)
	at com.vup.tess.bill.service.work.BillWorkerThread$RealWorker.doScheduleService(BillWorkerThread.java:94)
	at com.vup.tess.bill.service.work.BillWorkerThread$RealWorker.run(BillWorkerThread.java:73)
ERROR 22-04-26 11:53:45[WorkerThread-104] [BillWorkerThread:147] - Report Templete File is not exist
ERROR 22-04-26 11:53:45[WorkerThread-103] [BillWorkerThread:147] - Report Templete File is not exist
ERROR 22-04-26 11:53:45[WorkerThread-101] [BillWorkerThread:147] - Report Templete File is not exist
ERROR 22-04-26 11:53:45[WorkerThread-104] [BillWorkerThread:148] - Req templateFilePath : nullnull
ERROR 22-04-26 11:53:45[WorkerThread-103] [BillWorkerThread:148] - Req templateFilePath : nullnull
ERROR 22-04-26 11:53:45[WorkerThread-102] [BillWorkerThread:147] - Report Templete File is not exist
ERROR 22-04-26 11:53:45[WorkerThread-101] [BillWorkerThread:148] - Req templateFilePath : nullnull
ERROR 22-04-26 11:53:45[WorkerThread-102] [BillWorkerThread:148] - Req templateFilePath : nullnull
ERROR 22-04-26 11:53:45[WorkerThread-102] [BillWorkerThread:76] - Exception 
java.lang.Exception: Report Templete File is not exist
	at com.vup.tess.bill.service.work.BillWorkerThread$RealWorker.readExcelTempleteFile(BillWorkerThread.java:149)
	at com.vup.tess.bill.service.work.BillWorkerThread$RealWorker.doScheduleService(BillWorkerThread.java:94)
	at com.vup.tess.bill.service.work.BillWorkerThread$RealWorker.run(BillWorkerThread.java:73)
ERROR 22-04-26 11:53:45[WorkerThread-104] [BillWorkerThread:76] - Exception 
java.lang.Exception: Report Templete File is not exist
	at com.vup.tess.bill.service.work.BillWorkerThread$RealWorker.readExcelTempleteFile(BillWorkerThread.java:149)
	at com.vup.tess.bill.service.work.BillWorkerThread$RealWorker.doScheduleService(BillWorkerThread.java:94)
	at com.vup.tess.bill.service.work.BillWorkerThread$RealWorker.run(BillWorkerThread.java:73)
ERROR 22-04-26 11:53:45[WorkerThread-103] [BillWorkerThread:76] - Exception 
java.lang.Exception: Report Templete File is not exist
	at com.vup.tess.bill.service.work.BillWorkerThread$RealWorker.readExcelTempleteFile(BillWorkerThread.java:149)
	at com.vup.tess.bill.service.work.BillWorkerThread$RealWorker.doScheduleService(BillWorkerThread.java:94)
	at com.vup.tess.bill.service.work.BillWorkerThread$RealWorker.run(BillWorkerThread.java:73)
ERROR 22-04-26 11:53:45[WorkerThread-101] [BillWorkerThread:76] - Exception 
java.lang.Exception: Report Templete File is not exist
	at com.vup.tess.bill.service.work.BillWorkerThread$RealWorker.readExcelTempleteFile(BillWorkerThread.java:149)
	at com.vup.tess.bill.service.work.BillWorkerThread$RealWorker.doScheduleService(BillWorkerThread.java:94)
	at com.vup.tess.bill.service.work.BillWorkerThread$RealWorker.run(BillWorkerThread.java:73)
ERROR 22-04-26 11:56:08[WorkerThread-101] [BillWorkerThread:147] - Report Templete File is not exist
ERROR 22-04-26 11:56:08[WorkerThread-104] [BillWorkerThread:147] - Report Templete File is not exist
ERROR 22-04-26 11:56:08[WorkerThread-101] [BillWorkerThread:148] - Req templateFilePath : nullnull
ERROR 22-04-26 11:56:08[WorkerThread-103] [BillWorkerThread:147] - Report Templete File is not exist
ERROR 22-04-26 11:56:08[WorkerThread-102] [BillWorkerThread:147] - Report Templete File is not exist
ERROR 22-04-26 11:56:08[WorkerThread-104] [BillWorkerThread:148] - Req templateFilePath : nullnull
ERROR 22-04-26 11:56:08[WorkerThread-103] [BillWorkerThread:148] - Req templateFilePath : nullnull
ERROR 22-04-26 11:56:08[WorkerThread-102] [BillWorkerThread:148] - Req templateFilePath : nullnull
ERROR 22-04-26 11:56:08[WorkerThread-102] [BillWorkerThread:76] - Exception 
java.lang.Exception: Report Templete File is not exist
	at com.vup.tess.bill.service.work.BillWorkerThread$RealWorker.readExcelTempleteFile(BillWorkerThread.java:149)
	at com.vup.tess.bill.service.work.BillWorkerThread$RealWorker.doScheduleService(BillWorkerThread.java:94)
	at com.vup.tess.bill.service.work.BillWorkerThread$RealWorker.run(BillWorkerThread.java:73)
ERROR 22-04-26 11:56:08[WorkerThread-104] [BillWorkerThread:76] - Exception 
java.lang.Exception: Report Templete File is not exist
	at com.vup.tess.bill.service.work.BillWorkerThread$RealWorker.readExcelTempleteFile(BillWorkerThread.java:149)
	at com.vup.tess.bill.service.work.BillWorkerThread$RealWorker.doScheduleService(BillWorkerThread.java:94)
	at com.vup.tess.bill.service.work.BillWorkerThread$RealWorker.run(BillWorkerThread.java:73)
ERROR 22-04-26 11:56:08[WorkerThread-103] [BillWorkerThread:76] - Exception 
java.lang.Exception: Report Templete File is not exist
	at com.vup.tess.bill.service.work.BillWorkerThread$RealWorker.readExcelTempleteFile(BillWorkerThread.java:149)
	at com.vup.tess.bill.service.work.BillWorkerThread$RealWorker.doScheduleService(BillWorkerThread.java:94)
	at com.vup.tess.bill.service.work.BillWorkerThread$RealWorker.run(BillWorkerThread.java:73)
ERROR 22-04-26 11:56:08[WorkerThread-101] [BillWorkerThread:76] - Exception 
java.lang.Exception: Report Templete File is not exist
	at com.vup.tess.bill.service.work.BillWorkerThread$RealWorker.readExcelTempleteFile(BillWorkerThread.java:149)
	at com.vup.tess.bill.service.work.BillWorkerThread$RealWorker.doScheduleService(BillWorkerThread.java:94)
	at com.vup.tess.bill.service.work.BillWorkerThread$RealWorker.run(BillWorkerThread.java:73)
