ERROR 22-04-27 10:51:08[WorkerThread-101] [BillWorkerThread:80] - Exception 
java.lang.NullPointerException: null
	at com.vup.tess.bill.service.work.BillWorkerThread$RealWorker.run(BillWorkerThread.java:67)
ERROR 22-04-27 10:51:09[WorkerThread-104] [BillWorkerThread:80] - Exception 
java.io.FileNotFoundException: C:\tessexcel\report\F02001 (지정된 경로를 찾을 수 없습니다)
	at java.io.FileOutputStream.open0(Native Method)
	at java.io.FileOutputStream.open(FileOutputStream.java:270)
	at java.io.FileOutputStream.<init>(FileOutputStream.java:213)
	at java.io.FileOutputStream.<init>(FileOutputStream.java:162)
	at com.vup.tess.bill.service.work.BillWorkerThread$RealWorker.doScheduleService(BillWorkerThread.java:111)
	at com.vup.tess.bill.service.work.BillWorkerThread$RealWorker.run(BillWorkerThread.java:77)
ERROR 22-04-27 10:51:09[WorkerThread-103] [BillWorkerThread:80] - Exception 
java.io.FileNotFoundException: C:\tessexcel\report\F01001 (지정된 경로를 찾을 수 없습니다)
	at java.io.FileOutputStream.open0(Native Method)
	at java.io.FileOutputStream.open(FileOutputStream.java:270)
	at java.io.FileOutputStream.<init>(FileOutputStream.java:213)
	at java.io.FileOutputStream.<init>(FileOutputStream.java:162)
	at com.vup.tess.bill.service.work.BillWorkerThread$RealWorker.doScheduleService(BillWorkerThread.java:111)
	at com.vup.tess.bill.service.work.BillWorkerThread$RealWorker.run(BillWorkerThread.java:77)
ERROR 22-04-27 10:51:09[WorkerThread-102] [BillWorkerThread:80] - Exception 
java.io.FileNotFoundException: C:\tessexcel\report\F02001 (지정된 경로를 찾을 수 없습니다)
	at java.io.FileOutputStream.open0(Native Method)
	at java.io.FileOutputStream.open(FileOutputStream.java:270)
	at java.io.FileOutputStream.<init>(FileOutputStream.java:213)
	at java.io.FileOutputStream.<init>(FileOutputStream.java:162)
	at com.vup.tess.bill.service.work.BillWorkerThread$RealWorker.doScheduleService(BillWorkerThread.java:111)
	at com.vup.tess.bill.service.work.BillWorkerThread$RealWorker.run(BillWorkerThread.java:77)
ERROR 22-04-27 10:51:09[WorkerThread-101] [BillWorkerThread:80] - Exception 
java.io.FileNotFoundException: C:\tessexcel\report\F01001 (지정된 경로를 찾을 수 없습니다)
	at java.io.FileOutputStream.open0(Native Method)
	at java.io.FileOutputStream.open(FileOutputStream.java:270)
	at java.io.FileOutputStream.<init>(FileOutputStream.java:213)
	at java.io.FileOutputStream.<init>(FileOutputStream.java:162)
	at com.vup.tess.bill.service.work.BillWorkerThread$RealWorker.doScheduleService(BillWorkerThread.java:111)
	at com.vup.tess.bill.service.work.BillWorkerThread$RealWorker.run(BillWorkerThread.java:77)
ERROR 22-04-27 10:51:09[WorkerThread-102] [BillWorkerThread:80] - Exception 
java.io.FileNotFoundException: C:\tessexcel\report\F02001 (지정된 경로를 찾을 수 없습니다)
	at java.io.FileOutputStream.open0(Native Method)
	at java.io.FileOutputStream.open(FileOutputStream.java:270)
	at java.io.FileOutputStream.<init>(FileOutputStream.java:213)
	at java.io.FileOutputStream.<init>(FileOutputStream.java:162)
	at com.vup.tess.bill.service.work.BillWorkerThread$RealWorker.doScheduleService(BillWorkerThread.java:111)
	at com.vup.tess.bill.service.work.BillWorkerThread$RealWorker.run(BillWorkerThread.java:77)
ERROR 22-04-27 10:51:09[WorkerThread-103] [BillWorkerThread:80] - Exception 
java.io.FileNotFoundException: C:\tessexcel\report\F01001 (지정된 경로를 찾을 수 없습니다)
	at java.io.FileOutputStream.open0(Native Method)
	at java.io.FileOutputStream.open(FileOutputStream.java:270)
	at java.io.FileOutputStream.<init>(FileOutputStream.java:213)
	at java.io.FileOutputStream.<init>(FileOutputStream.java:162)
	at com.vup.tess.bill.service.work.BillWorkerThread$RealWorker.doScheduleService(BillWorkerThread.java:111)
	at com.vup.tess.bill.service.work.BillWorkerThread$RealWorker.run(BillWorkerThread.java:77)
ERROR 22-04-27 10:51:09[WorkerThread-101] [BillWorkerThread:80] - Exception 
java.io.FileNotFoundException: C:\tessexcel\report\F01001 (지정된 경로를 찾을 수 없습니다)
	at java.io.FileOutputStream.open0(Native Method)
	at java.io.FileOutputStream.open(FileOutputStream.java:270)
	at java.io.FileOutputStream.<init>(FileOutputStream.java:213)
	at java.io.FileOutputStream.<init>(FileOutputStream.java:162)
	at com.vup.tess.bill.service.work.BillWorkerThread$RealWorker.doScheduleService(BillWorkerThread.java:111)
	at com.vup.tess.bill.service.work.BillWorkerThread$RealWorker.run(BillWorkerThread.java:77)
ERROR 22-04-27 10:51:09[WorkerThread-104] [BillWorkerThread:80] - Exception 
java.io.FileNotFoundException: C:\tessexcel\report\F02001 (지정된 경로를 찾을 수 없습니다)
	at java.io.FileOutputStream.open0(Native Method)
	at java.io.FileOutputStream.open(FileOutputStream.java:270)
	at java.io.FileOutputStream.<init>(FileOutputStream.java:213)
	at java.io.FileOutputStream.<init>(FileOutputStream.java:162)
	at com.vup.tess.bill.service.work.BillWorkerThread$RealWorker.doScheduleService(BillWorkerThread.java:111)
	at com.vup.tess.bill.service.work.BillWorkerThread$RealWorker.run(BillWorkerThread.java:77)
