ERROR 22-04-26 13:42:47[WorkerThread-104] [BillWorkerThread:150] - Report Templete File is not exist
ERROR 22-04-26 13:42:47[WorkerThread-102] [BillWorkerThread:150] - Report Templete File is not exist
ERROR 22-04-26 13:42:47[WorkerThread-103] [BillWorkerThread:150] - Report Templete File is not exist
ERROR 22-04-26 13:42:47[WorkerThread-102] [BillWorkerThread:151] - Req templateFilePath : asdasdasdasd
ERROR 22-04-26 13:42:47[WorkerThread-101] [BillWorkerThread:150] - Report Templete File is not exist
ERROR 22-04-26 13:42:47[WorkerThread-104] [BillWorkerThread:151] - Req templateFilePath : asdasdasdasd
ERROR 22-04-26 13:42:47[WorkerThread-103] [BillWorkerThread:151] - Req templateFilePath : asdasdasdasd
ERROR 22-04-26 13:42:47[WorkerThread-101] [BillWorkerThread:151] - Req templateFilePath : asdasdasdasd
ERROR 22-04-26 13:42:47[WorkerThread-102] [BillWorkerThread:79] - Exception 
java.lang.Exception: Report Templete File is not exist
	at com.vup.tess.bill.service.work.BillWorkerThread$RealWorker.readExcelTempleteFile(BillWorkerThread.java:152)
	at com.vup.tess.bill.service.work.BillWorkerThread$RealWorker.doScheduleService(BillWorkerThread.java:97)
	at com.vup.tess.bill.service.work.BillWorkerThread$RealWorker.run(BillWorkerThread.java:76)
ERROR 22-04-26 13:42:47[WorkerThread-104] [BillWorkerThread:79] - Exception 
java.lang.Exception: Report Templete File is not exist
	at com.vup.tess.bill.service.work.BillWorkerThread$RealWorker.readExcelTempleteFile(BillWorkerThread.java:152)
	at com.vup.tess.bill.service.work.BillWorkerThread$RealWorker.doScheduleService(BillWorkerThread.java:97)
	at com.vup.tess.bill.service.work.BillWorkerThread$RealWorker.run(BillWorkerThread.java:76)
ERROR 22-04-26 13:42:47[WorkerThread-103] [BillWorkerThread:79] - Exception 
java.lang.Exception: Report Templete File is not exist
	at com.vup.tess.bill.service.work.BillWorkerThread$RealWorker.readExcelTempleteFile(BillWorkerThread.java:152)
	at com.vup.tess.bill.service.work.BillWorkerThread$RealWorker.doScheduleService(BillWorkerThread.java:97)
	at com.vup.tess.bill.service.work.BillWorkerThread$RealWorker.run(BillWorkerThread.java:76)
ERROR 22-04-26 13:42:47[WorkerThread-101] [BillWorkerThread:79] - Exception 
java.lang.Exception: Report Templete File is not exist
	at com.vup.tess.bill.service.work.BillWorkerThread$RealWorker.readExcelTempleteFile(BillWorkerThread.java:152)
	at com.vup.tess.bill.service.work.BillWorkerThread$RealWorker.doScheduleService(BillWorkerThread.java:97)
	at com.vup.tess.bill.service.work.BillWorkerThread$RealWorker.run(BillWorkerThread.java:76)
ERROR 22-04-26 13:43:28[WorkerThread-104] [BillWorkerThread:150] - Report Templete File is not exist
ERROR 22-04-26 13:43:28[WorkerThread-102] [BillWorkerThread:150] - Report Templete File is not exist
ERROR 22-04-26 13:43:28[WorkerThread-103] [BillWorkerThread:150] - Report Templete File is not exist
ERROR 22-04-26 13:43:28[WorkerThread-104] [BillWorkerThread:151] - Req templateFilePath : C:\tessexcelreport.xlsx
ERROR 22-04-26 13:43:28[WorkerThread-102] [BillWorkerThread:151] - Req templateFilePath : C:\tessexcelreport.xlsx
ERROR 22-04-26 13:43:28[WorkerThread-103] [BillWorkerThread:151] - Req templateFilePath : C:\tessexcelreport.xlsx
ERROR 22-04-26 13:43:28[WorkerThread-101] [BillWorkerThread:150] - Report Templete File is not exist
ERROR 22-04-26 13:43:28[WorkerThread-101] [BillWorkerThread:151] - Req templateFilePath : C:\tessexcelreport.xlsx
ERROR 22-04-26 13:43:28[WorkerThread-104] [BillWorkerThread:79] - Exception 
java.lang.Exception: Report Templete File is not exist
	at com.vup.tess.bill.service.work.BillWorkerThread$RealWorker.readExcelTempleteFile(BillWorkerThread.java:152)
	at com.vup.tess.bill.service.work.BillWorkerThread$RealWorker.doScheduleService(BillWorkerThread.java:97)
	at com.vup.tess.bill.service.work.BillWorkerThread$RealWorker.run(BillWorkerThread.java:76)
ERROR 22-04-26 13:43:28[WorkerThread-103] [BillWorkerThread:79] - Exception 
java.lang.Exception: Report Templete File is not exist
	at com.vup.tess.bill.service.work.BillWorkerThread$RealWorker.readExcelTempleteFile(BillWorkerThread.java:152)
	at com.vup.tess.bill.service.work.BillWorkerThread$RealWorker.doScheduleService(BillWorkerThread.java:97)
	at com.vup.tess.bill.service.work.BillWorkerThread$RealWorker.run(BillWorkerThread.java:76)
ERROR 22-04-26 13:43:28[WorkerThread-101] [BillWorkerThread:79] - Exception 
java.lang.Exception: Report Templete File is not exist
	at com.vup.tess.bill.service.work.BillWorkerThread$RealWorker.readExcelTempleteFile(BillWorkerThread.java:152)
	at com.vup.tess.bill.service.work.BillWorkerThread$RealWorker.doScheduleService(BillWorkerThread.java:97)
	at com.vup.tess.bill.service.work.BillWorkerThread$RealWorker.run(BillWorkerThread.java:76)
ERROR 22-04-26 13:43:28[WorkerThread-102] [BillWorkerThread:79] - Exception 
java.lang.Exception: Report Templete File is not exist
	at com.vup.tess.bill.service.work.BillWorkerThread$RealWorker.readExcelTempleteFile(BillWorkerThread.java:152)
	at com.vup.tess.bill.service.work.BillWorkerThread$RealWorker.doScheduleService(BillWorkerThread.java:97)
	at com.vup.tess.bill.service.work.BillWorkerThread$RealWorker.run(BillWorkerThread.java:76)
ERROR 22-04-26 13:43:29[scheduling-1] [TransactionInterceptor:680] - Application exception overridden by rollback exception
org.springframework.beans.factory.BeanCreationNotAllowedException: Error creating bean with name 'inMemoryDatabaseShutdownExecutor': Singleton bean creation not allowed while singletons of this factory are in destruction (Do not request a bean from a BeanFactory in a destroy method implementation!)
	at org.springframework.beans.factory.support.DefaultSingletonBeanRegistry.getSingleton(DefaultSingletonBeanRegistry.java:220)
	at org.springframework.beans.factory.support.AbstractBeanFactory.doGetBean(AbstractBeanFactory.java:333)
	at org.springframework.beans.factory.support.AbstractBeanFactory.getBean(AbstractBeanFactory.java:208)
	at org.springframework.beans.factory.support.AbstractBeanFactory.doGetBean(AbstractBeanFactory.java:322)
	at org.springframework.beans.factory.support.AbstractBeanFactory.getBean(AbstractBeanFactory.java:208)
	at org.springframework.beans.factory.support.DefaultListableBeanFactory$1.orderedStream(DefaultListableBeanFactory.java:481)
	at org.springframework.dao.support.PersistenceExceptionTranslationInterceptor.detectPersistenceExceptionTranslators(PersistenceExceptionTranslationInterceptor.java:167)
	at org.springframework.dao.support.PersistenceExceptionTranslationInterceptor.invoke(PersistenceExceptionTranslationInterceptor.java:149)
	at org.springframework.aop.framework.ReflectiveMethodInvocation.proceed(ReflectiveMethodInvocation.java:186)
	at org.springframework.data.jpa.repository.support.CrudMethodMetadataPostProcessor$CrudMethodMetadataPopulatingMethodInterceptor.invoke(CrudMethodMetadataPostProcessor.java:145)
	at org.springframework.aop.framework.ReflectiveMethodInvocation.proceed(ReflectiveMethodInvocation.java:186)
	at org.springframework.aop.interceptor.ExposeInvocationInterceptor.invoke(ExposeInvocationInterceptor.java:97)
	at org.springframework.aop.framework.ReflectiveMethodInvocation.proceed(ReflectiveMethodInvocation.java:186)
	at org.springframework.aop.framework.JdkDynamicAopProxy.invoke(JdkDynamicAopProxy.java:215)
	at com.sun.proxy.$Proxy93.findByAll(Unknown Source)
	at com.vup.tess.bill.service.BillServiceImpl.findByAll(BillServiceImpl.java:24)
	at com.vup.tess.bill.service.BillServiceImpl$$FastClassBySpringCGLIB$$ea586221.invoke(<generated>)
	at org.springframework.cglib.proxy.MethodProxy.invoke(MethodProxy.java:218)
	at org.springframework.aop.framework.CglibAopProxy$CglibMethodInvocation.invokeJoinpoint(CglibAopProxy.java:771)
	at org.springframework.aop.framework.ReflectiveMethodInvocation.proceed(ReflectiveMethodInvocation.java:163)
	at org.springframework.aop.framework.CglibAopProxy$CglibMethodInvocation.proceed(CglibAopProxy.java:749)
	at org.springframework.transaction.interceptor.TransactionInterceptor$1.proceedWithInvocation(TransactionInterceptor.java:123)
	at org.springframework.transaction.interceptor.TransactionAspectSupport.invokeWithinTransaction(TransactionAspectSupport.java:388)
	at org.springframework.transaction.interceptor.TransactionInterceptor.invoke(TransactionInterceptor.java:119)
	at org.springframework.aop.framework.ReflectiveMethodInvocation.proceed(ReflectiveMethodInvocation.java:186)
	at org.springframework.aop.framework.CglibAopProxy$CglibMethodInvocation.proceed(CglibAopProxy.java:749)
	at org.springframework.aop.framework.CglibAopProxy$DynamicAdvisedInterceptor.intercept(CglibAopProxy.java:691)
	at com.vup.tess.bill.service.BillServiceImpl$$EnhancerBySpringCGLIB$$18a03dc1.findByAll(<generated>)
	at com.vup.tess.proc.worker.BillProc.doService(BillProc.java:45)
	at com.vup.tess.bill.scheduler.BillScheduler.startWork(BillScheduler.java:26)
	at sun.reflect.NativeMethodAccessorImpl.invoke0(Native Method)
	at sun.reflect.NativeMethodAccessorImpl.invoke(NativeMethodAccessorImpl.java:62)
	at sun.reflect.DelegatingMethodAccessorImpl.invoke(DelegatingMethodAccessorImpl.java:43)
	at java.lang.reflect.Method.invoke(Method.java:498)
	at org.springframework.scheduling.support.ScheduledMethodRunnable.run(ScheduledMethodRunnable.java:84)
	at org.springframework.scheduling.support.DelegatingErrorHandlingRunnable.run(DelegatingErrorHandlingRunnable.java:54)
	at java.util.concurrent.Executors$RunnableAdapter.call(Executors.java:511)
	at java.util.concurrent.FutureTask.runAndReset(FutureTask.java:308)
	at java.util.concurrent.ScheduledThreadPoolExecutor$ScheduledFutureTask.access$301(ScheduledThreadPoolExecutor.java:180)
	at java.util.concurrent.ScheduledThreadPoolExecutor$ScheduledFutureTask.run(ScheduledThreadPoolExecutor.java:294)
	at java.util.concurrent.ThreadPoolExecutor.runWorker(ThreadPoolExecutor.java:1149)
	at java.util.concurrent.ThreadPoolExecutor$Worker.run(ThreadPoolExecutor.java:624)
	at java.lang.Thread.run(Thread.java:750)
ERROR 22-04-26 13:45:27[WorkerThread-103] [BillWorkerThread:150] - Report Templete File is not exist
ERROR 22-04-26 13:45:27[WorkerThread-104] [BillWorkerThread:150] - Report Templete File is not exist
ERROR 22-04-26 13:45:27[WorkerThread-102] [BillWorkerThread:150] - Report Templete File is not exist
ERROR 22-04-26 13:45:27[WorkerThread-101] [BillWorkerThread:150] - Report Templete File is not exist
ERROR 22-04-26 13:45:27[WorkerThread-103] [BillWorkerThread:151] - Req templateFilePath : C:\\tessexcelreport.xlsx
ERROR 22-04-26 13:45:27[WorkerThread-102] [BillWorkerThread:151] - Req templateFilePath : C:\\tessexcelreport.xlsx
ERROR 22-04-26 13:45:27[WorkerThread-104] [BillWorkerThread:151] - Req templateFilePath : C:\\tessexcelreport.xlsx
ERROR 22-04-26 13:45:27[WorkerThread-101] [BillWorkerThread:151] - Req templateFilePath : C:\\tessexcelreport.xlsx
ERROR 22-04-26 13:45:27[WorkerThread-101] [BillWorkerThread:79] - Exception 
java.lang.Exception: Report Templete File is not exist
	at com.vup.tess.bill.service.work.BillWorkerThread$RealWorker.readExcelTempleteFile(BillWorkerThread.java:152)
	at com.vup.tess.bill.service.work.BillWorkerThread$RealWorker.doScheduleService(BillWorkerThread.java:97)
	at com.vup.tess.bill.service.work.BillWorkerThread$RealWorker.run(BillWorkerThread.java:76)
ERROR 22-04-26 13:45:27[WorkerThread-104] [BillWorkerThread:79] - Exception 
java.lang.Exception: Report Templete File is not exist
	at com.vup.tess.bill.service.work.BillWorkerThread$RealWorker.readExcelTempleteFile(BillWorkerThread.java:152)
	at com.vup.tess.bill.service.work.BillWorkerThread$RealWorker.doScheduleService(BillWorkerThread.java:97)
	at com.vup.tess.bill.service.work.BillWorkerThread$RealWorker.run(BillWorkerThread.java:76)
ERROR 22-04-26 13:45:27[WorkerThread-103] [BillWorkerThread:79] - Exception 
java.lang.Exception: Report Templete File is not exist
	at com.vup.tess.bill.service.work.BillWorkerThread$RealWorker.readExcelTempleteFile(BillWorkerThread.java:152)
	at com.vup.tess.bill.service.work.BillWorkerThread$RealWorker.doScheduleService(BillWorkerThread.java:97)
	at com.vup.tess.bill.service.work.BillWorkerThread$RealWorker.run(BillWorkerThread.java:76)
ERROR 22-04-26 13:45:27[WorkerThread-102] [BillWorkerThread:79] - Exception 
java.lang.Exception: Report Templete File is not exist
	at com.vup.tess.bill.service.work.BillWorkerThread$RealWorker.readExcelTempleteFile(BillWorkerThread.java:152)
	at com.vup.tess.bill.service.work.BillWorkerThread$RealWorker.doScheduleService(BillWorkerThread.java:97)
	at com.vup.tess.bill.service.work.BillWorkerThread$RealWorker.run(BillWorkerThread.java:76)
